<?xml version="1.0" encoding="utf-8"?><testsuites name="pytest tests"><testsuite name="pytest" errors="0" failures="0" skipped="0" tests="28" time="3.114" timestamp="2026-06-19T14:06:32.523154+00:00" hostname="agent-env-8968dcb2-55e1-4baa-9d14-37d2162accc7"><testcase classname="backend.tests.test_localink_api" name="test_health" time="0.172" /><testcase classname="backend.tests.test_localink_api" name="test_admin_login" time="0.274" /><testcase classname="backend.tests.test_localink_api" name="test_register_traveller" time="0.274" /><testcase classname="backend.tests.test_localink_api" name="test_register_local" time="0.268" /><testcase classname="backend.tests.test_localink_api" name="test_register_duplicate" time="0.047" /><testcase classname="backend.tests.test_localink_api" name="test_auth_me" time="0.047" /><testcase classname="backend.tests.test_localink_api" name="test_auth_me_no_token" time="0.045" /><testcase classname="backend.tests.test_localink_api" name="test_list_guides_seeded" time="0.054" /><testcase classname="backend.tests.test_localink_api" name="test_filter_by_city" time="0.080" /><testcase classname="backend.tests.test_localink_api" name="test_filter_by_price" time="0.049" /><testcase classname="backend.tests.test_localink_api" name="test_list_cities" time="0.049" /><testcase classname="backend.tests.test_localink_api" name="test_get_guide_detail" time="0.049" /><testcase classname="backend.tests.test_localink_api" name="test_local_upsert_profile" time="0.051" /><testcase classname="backend.tests.test_localink_api" name="test_local_profile_price_validation" time="0.056" /><testcase classname="backend.tests.test_localink_api" name="test_create_booking" time="0.052" /><testcase classname="backend.tests.test_localink_api" name="test_role_traveller_cannot_deliver_itinerary" time="0.047" /><testcase classname="backend.tests.test_localink_api" name="test_mock_pay" time="0.095" /><testcase classname="backend.tests.test_localink_api" name="test_role_local_cannot_pay" time="0.362" /><testcase classname="backend.tests.test_localink_api" name="test_non_party_cannot_read_booking" time="0.045" /><testcase classname="backend.tests.test_localink_api" name="test_deliver_itinerary" time="0.099" /><testcase classname="backend.tests.test_localink_api" name="test_confirm_completes_booking" time="0.097" /><testcase classname="backend.tests.test_localink_api" name="test_review_after_completion" time="0.100" /><testcase classname="backend.tests.test_localink_api" name="test_chat_messages" time="0.157" /><testcase classname="backend.tests.test_localink_api" name="test_dispute_and_resolve" time="0.244" /><testcase classname="backend.tests.test_localink_api" name="test_admin_stats" time="0.050" /><testcase classname="backend.tests.test_localink_api" name="test_admin_users" time="0.046" /><testcase classname="backend.tests.test_localink_api" name="test_admin_bookings" time="0.048" /><testcase classname="backend.tests.test_localink_api" name="test_admin_endpoint_forbidden_for_traveller" time="0.047" /></testsuite></testsuites>